<?xml version="1.0" encoding="UTF-8"?>
<testsuite name="com.zeno.calendar.CalendarApplicationTests" time="0.056" tests="1" errors="0" skipped="0" failures="0">
  <properties>
    <property name="java.runtime.name" value="Java(TM) SE Runtime Environment"/>
    <property name="sun.boot.library.path" value="C:\dev\Java\jdk1.8.0_221\jre\bin"/>
    <property name="java.vm.version" value="25.221-b11"/>
    <property name="user.country.format" value="US"/>
    <property name="java.vm.vendor" value="Oracle Corporation"/>
    <property name="maven.multiModuleProjectDirectory" value="C:\workspace\Spring\calendar"/>
    <property name="java.vendor.url" value="http://java.oracle.com/"/>
    <property name="path.separator" value=";"/>
    <property name="guice.disable.misplaced.annotation.check" value="true"/>
    <property name="java.vm.name" value="Java HotSpot(TM) 64-Bit Server VM"/>
    <property name="file.encoding.pkg" value="sun.io"/>
    <property name="user.script" value=""/>
    <property name="user.country" value="CN"/>
    <property name="sun.java.launcher" value="SUN_STANDARD"/>
    <property name="sun.os.patch.level" value=""/>
    <property name="java.vm.specification.name" value="Java Virtual Machine Specification"/>
    <property name="user.dir" value="C:\workspace\Spring\calendar"/>
    <property name="java.runtime.version" value="1.8.0_221-b11"/>
    <property name="java.awt.graphicsenv" value="sun.awt.Win32GraphicsEnvironment"/>
    <property name="java.endorsed.dirs" value="C:\dev\Java\jdk1.8.0_221\jre\lib\endorsed"/>
    <property name="os.arch" value="amd64"/>
    <property name="java.io.tmpdir" value="C:\Users\rf\AppData\Local\Temp\"/>
    <property name="line.separator" value="&#10;"/>
    <property name="java.vm.specification.vendor" value="Oracle Corporation"/>
    <property name="user.variant" value=""/>
    <property name="os.name" value="Windows 10"/>
    <property name="maven.ext.class.path" value="C:\dev\JetBrains\IntelliJ IDEA 2019.1.1\plugins\maven\lib\maven-event-listener.jar"/>
    <property name="archetypeCatalog" value="internal"/>
    <property name="classworlds.conf" value="C:\dev\JetBrains\IntelliJ IDEA 2019.1.1\plugins\maven\lib\maven3\bin\m2.conf"/>
    <property name="sun.jnu.encoding" value="GBK"/>
    <property name="java.library.path" value="C:\dev\Java\jdk1.8.0_221\bin;C:\WINDOWS\Sun\Java\bin;C:\WINDOWS\system32;C:\WINDOWS;C:\Program Files (x86)\Common Files\Oracle\Java\javapath;C:\ProgramData\Anaconda3;C:\ProgramData\Anaconda3\Library\mingw-w64\bin;C:\ProgramData\Anaconda3\Library\usr\bin;C:\ProgramData\Anaconda3\Library\bin;C:\ProgramData\Anaconda3\Scripts;C:\Program Files (x86)\Intel\iCLS Client\;C:\Program Files\Intel\iCLS Client\;C:\WINDOWS\system32;C:\WINDOWS;C:\WINDOWS\System32\Wbem;C:\WINDOWS\System32\WindowsPowerShell\v1.0\;C:\Program Files (x86)\Intel\Intel(R) Management Engine Components\DAL;C:\Program Files\Intel\Intel(R) Management Engine Components\DAL;C:\Program Files (x86)\Intel\Intel(R) Management Engine Components\IPT;C:\Program Files\Intel\Intel(R) Management Engine Components\IPT;C:\WINDOWS\System32\OpenSSH\;C:\Program Files\Intel\WiFi\bin\;C:\Program Files\Common Files\Intel\WirelessCommon\;C:\dev\Java\jdk1.8.0_221\bin;C:\dev\Java\jdk1.8.0_221\jre\bin;C:\Program Files\MySQL\MySQL Server 8.0\bin;C:\Users\rf\AppData\Local\Programs\Python\Python37\;C:\Users\rf\AppData\Local\Programs\Python\Python37\Scripts\;C:\Users\rf\AppData\Roaming\Python\Python37\Scripts;C:\Program Files\dotnet\;C:\dev\flutter\bin;&quot;C:\dev\Java\Android\sdk\platform-tools;C:\dev\Java\Android\sdk\tools&quot;;&quot;C:\dev\maven\bin;&quot;;C:\dev\nodejs\;C:\dev\Go\bin;C:\dev\apache-ant-1.10.7\bin;C:\Program Files\Git\cmd;C:\dev\MongoDB\Server\4.2\bin;C:\dev\cmake\bin;C:\Users\rf\.cargo\bin;C:\Users\rf\AppData\Local\Microsoft\WindowsApps;C:\sqlite;C:\Program Files\Bandizip\;C:\Users\rf\AppData\Local\Microsoft\WindowsApps;C:\Microsoft VS Code\bin;C:\Program Files\JetBrains\PyCharm 2018.3.1\bin;C:\Java\flutter;C:\Program Files\JetBrains\IntelliJ IDEA 2019.1.1\bin;C:\Users\rf\go\bin;C:\dev\JetBrains\GoLand 2019.2\bin;C:\dev\JetBrains\DataGrip 2019.2\bin;C:\Users\rf\AppData\Local\GitHubDesktop\bin;C:\dev\MiKTeX 2.9\miktex\bin\x64\;C:\Users\rf\AppData\Roaming\npm;C:\Users\rf\go\bin;;."/>
    <property name="maven.conf" value="C:\dev\JetBrains\IntelliJ IDEA 2019.1.1\plugins\maven\lib\maven3/conf"/>
    <property name="java.specification.name" value="Java Platform API Specification"/>
    <property name="java.class.version" value="52.0"/>
    <property name="sun.management.compiler" value="HotSpot 64-Bit Tiered Compilers"/>
    <property name="os.version" value="10.0"/>
    <property name="idea.version2019.3.2" value="true"/>
    <property name="user.home" value="C:\Users\rf"/>
    <property name="user.timezone" value="Asia/Shanghai"/>
    <property name="java.awt.printerjob" value="sun.awt.windows.WPrinterJob"/>
    <property name="java.specification.version" value="1.8"/>
    <property name="file.encoding" value="UTF-8"/>
    <property name="user.name" value="rf"/>
    <property name="java.class.path" value="C:\dev\JetBrains\IntelliJ IDEA 2019.1.1\plugins\maven\lib\maven3\boot\plexus-classworlds-2.6.0.jar;C:\dev\JetBrains\IntelliJ IDEA 2019.1.1\lib\idea_rt.jar"/>
    <property name="java.vm.specification.version" value="1.8"/>
    <property name="sun.arch.data.model" value="64"/>
    <property name="java.home" value="C:\dev\Java\jdk1.8.0_221\jre"/>
    <property name="sun.java.command" value="org.codehaus.classworlds.Launcher -Didea.version2019.3.2 install"/>
    <property name="java.specification.vendor" value="Oracle Corporation"/>
    <property name="user.language" value="zh"/>
    <property name="user.language.format" value="en"/>
    <property name="awt.toolkit" value="sun.awt.windows.WToolkit"/>
    <property name="java.vm.info" value="mixed mode"/>
    <property name="java.version" value="1.8.0_221"/>
    <property name="java.ext.dirs" value="C:\dev\Java\jdk1.8.0_221\jre\lib\ext;C:\WINDOWS\Sun\Java\lib\ext"/>
    <property name="sun.boot.class.path" value="C:\dev\Java\jdk1.8.0_221\jre\lib\resources.jar;C:\dev\Java\jdk1.8.0_221\jre\lib\rt.jar;C:\dev\Java\jdk1.8.0_221\jre\lib\sunrsasign.jar;C:\dev\Java\jdk1.8.0_221\jre\lib\jsse.jar;C:\dev\Java\jdk1.8.0_221\jre\lib\jce.jar;C:\dev\Java\jdk1.8.0_221\jre\lib\charsets.jar;C:\dev\Java\jdk1.8.0_221\jre\lib\jfr.jar;C:\dev\Java\jdk1.8.0_221\jre\classes"/>
    <property name="java.vendor" value="Oracle Corporation"/>
    <property name="maven.home" value="C:\dev\JetBrains\IntelliJ IDEA 2019.1.1\plugins\maven\lib\maven3"/>
    <property name="file.separator" value="\"/>
    <property name="java.vendor.url.bug" value="http://bugreport.sun.com/bugreport/"/>
    <property name="sun.cpu.endian" value="little"/>
    <property name="sun.io.unicode.encoding" value="UnicodeLittle"/>
    <property name="sun.desktop" value="windows"/>
    <property name="sun.cpu.isalist" value="amd64"/>
  </properties>
  <testcase name="contextLoads" classname="com.zeno.calendar.CalendarApplicationTests" time="0.056"/>
</testsuite>